2022-07-22 14:26:55,749 - Output and logs will be saved to experiments/fine_tuning/evaluate.log
2022-07-22 14:26:55,749 - Creating the dataset...
2022-07-22 14:26:55,749 - Dataset type: homo, transform type: homo
2022-07-22 14:26:55,749 - Train transforms: ToPILImage, ToTensor, Normalize, Grayscale
2022-07-22 14:26:55,749 - Val and Test transforms: ToPILImage, Resize, ToTensor, Normalize, Grayscale
2022-07-22 14:27:21,552 - Output and logs will be saved to experiments/fine_tuning/evaluate.log
2022-07-22 14:27:21,552 - Creating the dataset...
2022-07-22 14:27:21,552 - Dataset type: homo, transform type: homo
2022-07-22 14:27:21,553 - Train transforms: ToPILImage, ToTensor, Normalize, Grayscale
2022-07-22 14:27:21,553 - Val and Test transforms: ToPILImage, Resize, ToTensor, Normalize, Grayscale
2022-07-22 14:27:48,658 - Loaded models from: experiments/fine_tuning/fine_tuning.pth
2022-07-22 14:27:48,659 - Ckpt load: HNet, DNet, step, epoch, best val score: 0.394, best test score: inf
2022-07-22 14:27:48,661 - Starting test
2022-07-22 14:29:00,346 - Output and logs will be saved to experiments/fine_tuning/evaluate.log
2022-07-22 14:29:00,347 - Creating the dataset...
2022-07-22 14:29:00,347 - Dataset type: homo, transform type: homo
2022-07-22 14:29:00,347 - Train transforms: ToPILImage, ToTensor, Normalize, Grayscale
2022-07-22 14:29:00,347 - Val and Test transforms: ToPILImage, Resize, ToTensor, Normalize, Grayscale
2022-07-22 14:29:22,704 - Loaded models from: experiments/fine_tuning/fine_tuning.pth
2022-07-22 14:29:22,705 - Ckpt load: HNet, DNet, step, epoch, best val score: 0.394, best test score: inf
2022-07-22 14:29:22,707 - Starting test
2022-07-22 14:30:24,323 - Output and logs will be saved to experiments/fine_tuning/evaluate.log
2022-07-22 14:30:24,323 - Creating the dataset...
2022-07-22 14:30:24,323 - Dataset type: homo, transform type: homo
2022-07-22 14:30:24,323 - Train transforms: ToPILImage, ToTensor, Normalize, Grayscale
2022-07-22 14:30:24,323 - Val and Test transforms: ToPILImage, Resize, ToTensor, Normalize, Grayscale
2022-07-22 14:30:47,663 - Loaded models from: experiments/fine_tuning/fine_tuning.pth
2022-07-22 14:30:47,664 - Ckpt load: HNet, DNet, step, epoch, best val score: 0.394, best test score: inf
2022-07-22 14:30:47,666 - Starting test
2022-07-22 14:39:01,400 - Loss/valid epoch_val 0: 0.3903. RE:0.2221 LT:0.3844 LL:0.5733 SF:0.4749 LF:0.2968 
2022-07-22 14:39:01,401 - [1m[31mtest Results: [0m
2022-08-23 14:33:49,897 - Output and logs will be saved to experiments/fine_tuning/evaluate.log
2022-08-23 14:33:49,898 - Creating the dataset...
2022-08-23 14:33:49,898 - Dataset type: homo, transform type: homo
2022-08-23 14:33:49,898 - Train transforms: ToPILImage, ToTensor, Normalize, Grayscale
2022-08-23 14:33:49,898 - Val and Test transforms: ToPILImage, Resize, ToTensor, Normalize, Grayscale
2022-08-23 14:34:12,494 - Loaded models from: experiments/fine_tuning/fine_tuning.pth
2022-08-23 14:34:12,495 - Ckpt load: HNet, DNet, step, epoch, best val score: 0.394, best test score: inf
2022-08-23 14:34:12,497 - Starting test
2022-08-23 14:44:23,950 - Loss/valid epoch_val 0: 0.3903. RE:0.2221 LT:0.3844 LL:0.5733 SF:0.4749 LF:0.2968 
2022-08-23 14:44:23,951 - [1m[31mtest Results: [0m
2022-08-23 15:09:03,563 - Output and logs will be saved to experiments/fine_tuning/evaluate.log
2022-08-23 15:09:03,563 - Creating the dataset...
2022-08-23 15:09:03,563 - Dataset type: homo, transform type: homo
2022-08-23 15:09:03,563 - Train transforms: ToPILImage, ToTensor, Normalize, Grayscale
2022-08-23 15:09:03,564 - Val and Test transforms: ToPILImage, Resize, ToTensor, Normalize, Grayscale
2022-08-23 15:09:25,841 - Loaded models from: experiments/pre_train/pre_train.pth
2022-08-23 15:09:25,842 - Ckpt load: HNet
2022-08-23 15:09:25,844 - Starting test
2022-08-23 15:18:01,923 - Loss/valid epoch_val 0: 0.4701. RE:0.2400 LT:0.4673 LL:0.5924 SF:0.6177 LF:0.4333 
2022-08-23 15:18:01,924 - [1m[31mtest Results: [0m
